<?xml version="1.0" encoding="UTF-8"?>
<testsuite name="com.bmcl.numbers.ListAggregatorTest" tests="4" skipped="0" failures="0" errors="0" timestamp="2024-10-07T13:27:50" hostname="BEATRIZ" time="0.019">
  <properties/>
  <testcase name="max()" classname="com.bmcl.numbers.ListAggregatorTest" time="0.015"/>
  <testcase name="min()" classname="com.bmcl.numbers.ListAggregatorTest" time="0.0"/>
  <testcase name="sum()" classname="com.bmcl.numbers.ListAggregatorTest" time="0.0"/>
  <testcase name="distinct()" classname="com.bmcl.numbers.ListAggregatorTest" time="0.001"/>
  <system-out><![CDATA[]]></system-out>
  <system-err><![CDATA[]]></system-err>
</testsuite>
