<?xml version="1.0" encoding="UTF-8"?>
<testsuite name="com.bmcl.numbers.ListAggregatorTest" tests="5" skipped="0" failures="0" errors="0" timestamp="2024-10-15T12:53:47" hostname="BEATRIZ" time="0.023">
  <properties/>
  <testcase name="max_bug_7263()" classname="com.bmcl.numbers.ListAggregatorTest" time="0.016"/>
  <testcase name="max()" classname="com.bmcl.numbers.ListAggregatorTest" time="0.001"/>
  <testcase name="min()" classname="com.bmcl.numbers.ListAggregatorTest" time="0.0"/>
  <testcase name="sum()" classname="com.bmcl.numbers.ListAggregatorTest" time="0.0"/>
  <testcase name="distinct()" classname="com.bmcl.numbers.ListAggregatorTest" time="0.002"/>
  <system-out><![CDATA[]]></system-out>
  <system-err><![CDATA[]]></system-err>
</testsuite>
